Query: mondego
11 total matching documents
doc=2858 score=8.974594
1. http:///mondego.ics.uci.edu/index.html
   Title: Mondego Group @ UC IrvineTheme >
doc=2963 score=5.950837
2. http:///sdcl.ics.uci.edu/2012/05/calico-for-the-mondego-group/feed/index.html
   Title: By: Mondegohttp://sdcl.ics.uci.edu/2012/05/calico-for-the-mondego-group/
doc=3015 score=4.9015007
3. http:///sdcl.ics.uci.edu/mondego-group/index.html
   Title: Mondego Group Ð Software Design and Collaboration LaboratorySDCL Software Design and Collaboration Laboratory
doc=2964 score=4.8455415
4. http:///sdcl.ics.uci.edu/2012/05/calico-for-the-mondego-group/index.html
   Title: Calico for the Mondego group Ð Software Design and Collaboration LaboratorySDCL Software Design and Collaboration Laboratory
doc=3010 score=0.27979434
5. http:///sdcl.ics.uci.edu/database-group/index.html
   Title: Database Group Ð Software Design and Collaboration LaboratorySDCL Software Design and Collaboration Laboratory
doc=23150 score=0.27698225
6. http:///www.ics.uci.edu/~lopes/index.html
   Title: Crista Lopes Home Page at UCIÊÊÊÊ   Cristina Videira Lopes
doc=23145 score=0.19585603
7. http:///www.ics.uci.edu/~lopes/datasets/index.html
   Title: UCI Source Code Data SetsUCI Source Code Data Sets 
doc=23146 score=0.19585603
8. http:///www.ics.uci.edu/~lopes/datasets/Koders-log-2007.html
   Title: UCI Source Code Data Set:  Koders-log-2007Quick Links: Ê 
doc=23147 score=0.1678766
9. http:///www.ics.uci.edu/~lopes/datasets/SDS_source-repo-18k.html
   Title: UCI Source Code Data Set:  SDS_source-repo-18kQuick Links: Ê 
doc=8511 score=0.15827557
10. http:///www.ics.uci.edu/~djp3/classes/2006_03_30_ICS105/Resources/AnteaterIdol.html
   Title: ICS 105:Human Computer Interaction Project CourseInformation and Computer Science 105 /
Query: machine learning
1984 total matching documents
doc=2851 score=5.3975973
1. http:///mlearn.ics.uci.edu/MLRepository.html
   Title: UCI Machine Learning RepositoryWelcome to the UCI Machine Learning Repository!
doc=25323 score=5.2702804
2. http:///www.ics.uci.edu/~xhx/publications/papers_ML.html
   Title: Xiaohui XiePublications in machine learning
doc=2850 score=4.771888
3. http:///mlearn.ics.uci.edu/MLOther.html
   Title: UCI: Information Related to Machine LearningInformation Related to Machine Learning
doc=3081 score=4.6436124
4. http:///sli.ics.uci.edu/Classes/2012F-273a/index.html
   Title: SLI | Classes / CS273a: Introduction to Machine Learning(?)
doc=24736 score=4.493891
5. http:///www.ics.uci.edu/~welling/publications/publications.html
   Title: Max Wellings's Publications in Machine LearningÊ 
doc=7545 score=4.4504824
6. http:///archive.ics.uci.edu/ml/datasets/Othello+Domain+Theory/index.html
   Title: UCI Machine Learning Repository: Othello Domain Theory Data SetÊÊÊÊÊÊÊÊÊCenter for Machine Learning and Intelligent Systems
doc=7505 score=4.4187503
7. http:///archive.ics.uci.edu/ml/datasets/Logic+Theorist/index.html
   Title: UCI Machine Learning Repository: Logic Theorist Data SetÊÊÊÊÊÊÊÊÊCenter for Machine Learning and Intelligent Systems
doc=7360 score=4.4000072
8. http:///archive.ics.uci.edu/ml/about.html
   Title: UCI Machine Learning Repository: AboutÊÊÊÊÊÊÊÊÊCenter for Machine Learning and Intelligent Systems
doc=7516 score=4.3707857
9. http:///archive.ics.uci.edu/ml/datasets/Mobile+Robots/index.html
   Title: UCI Machine Learning Repository: Mobile Robots Data SetÊÊÊÊÊÊÊÊÊCenter for Machine Learning and Intelligent Systems
doc=7361 score=4.364128
10. http:///archive.ics.uci.edu/ml/citation_policy.html
   Title: UCI Machine Learning Repository: Citation PolicyÊÊÊÊÊÊÊÊÊCenter for Machine Learning and Intelligent Systems
Query: software engineering
3041 total matching documents
doc=25491 score=8.401073
1. http:///www.ics.uci.edu/~ziv/ooad/intro_to_se/tsld023.htm
   Title: Software Engineering PrinciplesSoftware Engineering Principles 
doc=25490 score=8.382691
2. http:///www.ics.uci.edu/~ziv/ooad/intro_to_se/tsld022.htm
   Title: Software Engineering PrinciplesSoftware Engineering Principles 
doc=25495 score=7.7530828
3. http:///www.ics.uci.edu/~ziv/ooad/intro_to_se/tsld027.htm
   Title: Summary: Software EngineeringSummary: Software Engineering 
doc=25448 score=7.3152413
4. http:///www.ics.uci.edu/~ziv/ooad/intro_to_se/sld007.htm
   Title: What is Software Engineering?
doc=25449 score=7.3152413
5. http:///www.ics.uci.edu/~ziv/ooad/intro_to_se/sld008.htm
   Title: Software Engineering Vs. Programming
doc=25461 score=7.3152413
6. http:///www.ics.uci.edu/~ziv/ooad/intro_to_se/sld022.htm
   Title: Software Engineering Principles
doc=25465 score=7.3152413
7. http:///www.ics.uci.edu/~ziv/ooad/intro_to_se/sld027.htm
   Title: Summary: Software Engineering
doc=25476 score=7.1604548
8. http:///www.ics.uci.edu/~ziv/ooad/intro_to_se/tsld008.htm
   Title: Software Engineering Vs. ProgrammingSoftware Engineering Vs. Programming 
doc=1304 score=7.0309896
9. http:///galen.ics.uci.edu/expertise/index.html
   Title: Galen Lab: Software Engineering ExpertiseSoftware Engineering Expertise
doc=25475 score=6.871581
10. http:///www.ics.uci.edu/~ziv/ooad/intro_to_se/tsld007.htm
   Title: What is Software Engineering?What is Software Engineering? 
Query: security
666 total matching documents
doc=2353 score=7.2345886
1. http:///djp3-pc2.ics.uci.edu/LUCICodeRepository/nomaticIM/wiki/Security/index.html
   Title: Security Ð Nomatic*IMSearch:
doc=6404 score=6.294333
2. http:///www.ics.uci.edu/~goodrich/teach/ics247/index.html
   Title: ICS 247 - Computer Security AlgorithmsICS 247 - Computer Security Algorithms 
doc=6408 score=6.2835393
3. http:///www.ics.uci.edu/~goodrich/teach/ics280/index.html
   Title: ICS 280 - Computer Security AlgorithmsICS 280 - Computer Security Algorithms 
doc=23067 score=6.170059
4. http:///www.ics.uci.edu/~kobsa/talks/privsecum/outlinec.htm
   Title: User Modeling, Privacy and Security 
doc=3158 score=6.1220875
5. http:///sprout.ics.uci.edu/projects/privacy-dna/index.html
   Title: Security and Privacy in GenomicsS.P.I.G.
doc=6403 score=6.1056066
6. http:///www.ics.uci.edu/~goodrich/teach/ics247/hw/index.html
   Title: ICS 247 - Security Algorithms AssignmentsICS 247 - Security Algorithms Assignments
doc=6407 score=6.1056066
7. http:///www.ics.uci.edu/~goodrich/teach/ics280/hw/index.html
   Title: ICS 280 - Security Algorithms AssignmentsICS 280 - Security Algorithms Assignments
doc=23068 score=6.044242
8. http:///www.ics.uci.edu/~kobsa/talks/privsecum/ppframe.htm
   Title: User Modeling, Privacy and Security
doc=4889 score=5.4294477
9. http:///www.ics.uci.edu/community/events/openhouse/research12.html
   Title: Cyber-Security and Privacyuniversity of california, irvine
doc=3148 score=5.3214474
10. http:///sprout.ics.uci.edu/past_projects/odb/index.html
   Title: Security in Outsourced DatabasesSecurity in Outsourced Databases
Query: student affairs
1882 total matching documents
doc=8239 score=6.085796
1. http:///www.ics.uci.edu/~develop/ICSEventWeb/2004/Student%20Affairs/Commencement/index.html
   Title: Index of /~develop/ICSEventWeb/2004/Student Affairs/CommencementIndex of /~develop/ICSEventWeb/2004/Student Affairs/Commencement
doc=8240 score=6.085796
2. http:///www.ics.uci.edu/~develop/ICSEventWeb/2004/Student%20Affairs/Graduate/index.html
   Title: Index of /~develop/ICSEventWeb/2004/Student Affairs/GraduateIndex of /~develop/ICSEventWeb/2004/Student Affairs/Graduate
doc=8242 score=6.085796
3. http:///www.ics.uci.edu/~develop/ICSEventWeb/2004/Student%20Affairs/Recruitement/index.html
   Title: Index of /~develop/ICSEventWeb/2004/Student Affairs/RecruitementIndex of /~develop/ICSEventWeb/2004/Student Affairs/Recruitement
doc=8243 score=6.085796
4. http:///www.ics.uci.edu/~develop/ICSEventWeb/2004/Student%20Affairs/Undergraduate/index.html
   Title: Index of /~develop/ICSEventWeb/2004/Student Affairs/UndergraduateIndex of /~develop/ICSEventWeb/2004/Student Affairs/Undergraduate
doc=8258 score=6.085796
5. http:///www.ics.uci.edu/~develop/ICSEventWeb/2005/Student%20Affairs/Commencement/index.html
   Title: Index of /~develop/ICSEventWeb/2005/Student Affairs/CommencementIndex of /~develop/ICSEventWeb/2005/Student Affairs/Commencement
doc=8259 score=6.085796
6. http:///www.ics.uci.edu/~develop/ICSEventWeb/2005/Student%20Affairs/Graduate/index.html
   Title: Index of /~develop/ICSEventWeb/2005/Student Affairs/GraduateIndex of /~develop/ICSEventWeb/2005/Student Affairs/Graduate
doc=8261 score=6.085796
7. http:///www.ics.uci.edu/~develop/ICSEventWeb/2005/Student%20Affairs/Recruitement/index.html
   Title: Index of /~develop/ICSEventWeb/2005/Student Affairs/RecruitementIndex of /~develop/ICSEventWeb/2005/Student Affairs/Recruitement
doc=8262 score=6.085796
8. http:///www.ics.uci.edu/~develop/ICSEventWeb/2005/Student%20Affairs/Undergraduate/index.html
   Title: Index of /~develop/ICSEventWeb/2005/Student Affairs/UndergraduateIndex of /~develop/ICSEventWeb/2005/Student Affairs/Undergraduate
doc=8277 score=6.085796
9. http:///www.ics.uci.edu/~develop/ICSEventWeb/2006/Student%20Affairs/Commencement/index.html
   Title: Index of /~develop/ICSEventWeb/2006/Student Affairs/CommencementIndex of /~develop/ICSEventWeb/2006/Student Affairs/Commencement
doc=8278 score=6.085796
10. http:///www.ics.uci.edu/~develop/ICSEventWeb/2006/Student%20Affairs/Graduate/index.html
   Title: Index of /~develop/ICSEventWeb/2006/Student Affairs/GraduateIndex of /~develop/ICSEventWeb/2006/Student Affairs/Graduate
Query: graduate courses
1189 total matching documents
doc=23079 score=5.1331806
1. http:///www.ics.uci.edu/~ktanimur/courses.html
   Title: Kazuyuki Tanimura::Graduate CoursesKazuyuki Tanimura
doc=23274 score=4.6566563
2. http:///www.ics.uci.edu/~mmazmani/Site/Courses.html
   Title: Courses I teachÊ
doc=24669 score=4.5968785
3. http:///www.ics.uci.edu/~vgunes/courses.htm
   Title: Courses 
doc=5092 score=4.384177
4. http:///www.ics.uci.edu/grad/index.php
   Title: Graduate Education @ UC Irvine, Bren:ICSÈ About              
doc=22865 score=3.4339695
5. http:///www.ics.uci.edu/~kay/pubs/intro-ed-res-dept.html
   Title: Large Introductory Courses in Research CS DepartmentsIntroductory courses offered by computer science
doc=4829 score=3.0138052
6. http:///www.ics.uci.edu/about/search/search_graduate.php
   Title: graduate student @ the bren school of information and computer sciencesÈ About              
doc=7141 score=3.0107024
7. http:///www.ics.uci.edu/~eppstein/gina/teach.html
   Title: Geometry in Action: Teaching ResourcesGeometry Courses and Teaching Materials
doc=23878 score=3.0016947
8. http:///www.ics.uci.edu/~sjordan/research/applicants.html
   Title: Information for Prospective Graduate StudentsScott Jordan          Department of Computer ScienceUniversity of California, Irvine
doc=4806 score=2.9888237
9. http:///www.ics.uci.edu/about/bren/gallery/gallery_10_jpg.php
   Title: photo of 2004 graduate sepideh gazeri @ the bren school of information and computer sciencesÈ About              
doc=5094 score=2.9676166
10. http:///www.ics.uci.edu/grad/policies/index.php
   Title: graduate student policies/forms @ the bren school of information and computer sciencesÈ About              
Query: Crista Lopes
127 total matching documents
doc=23152 score=13.668524
1. http:///www.ics.uci.edu/~lopes/patents.html
   Title: Crista Lopes' patentsPatents 
doc=23150 score=10.208115
2. http:///www.ics.uci.edu/~lopes/index.html
   Title: Crista Lopes Home Page at UCIÊÊÊÊ   Cristina Videira Lopes
doc=23143 score=0.5654384
3. http:///www.ics.uci.edu/~lopes/aop/aop-pics.html
   Title: AOP Home Page at UCIPictures from the AOP project at PARC (2000)
doc=2577 score=0.49978167
4. http:///luci.ics.uci.edu/lightweight/bioFaculty/index.html
   Title: Light Weight: LUCI: The Laboratory for Ubiquitous Computing and Interaction at UCILightweight Version
doc=4861 score=0.34984717
5. http:///www.ics.uci.edu/community/events/openhouse/gallery_02.html
   Title: Dedication Photo Galleryuniversity of california, irvine
doc=24042 score=0.34984717
6. http:///www.ics.uci.edu/~tdebeauv/index.html
   Title: Thomas Debeauvais - UCIAbout
doc=4299 score=0.299869
7. http:///vcp.ics.uci.edu/content/modeling-user-reputation-wikis/index.html
   Title: Modeling User Reputation in Wikis | Virtual Collaboration PortalVirtual Collaboration Portal        
doc=2858 score=0.26552165
8. http:///mondego.ics.uci.edu/index.html
   Title: Mondego Group @ UC IrvineTheme >
doc=4104 score=0.24989083
9. http:///vcp.ics.uci.edu/content/10000-gold-20-dollars-exploratory-study-world-warcraft-gold-buyers-0/index.html
   Title: 10,000 gold for 20 dollars: an exploratory study of World of Warcraft gold buyers | Virtual Collaboration PortalVirtual Collaboration Portal        
doc=4284 score=0.24989083
10. http:///vcp.ics.uci.edu/content/leveraging-crowdsourcing-heuristics-improve-search-wikipedia/index.html
   Title: Leveraging Crowdsourcing Heuristics to Improve Search in Wikipedia | Virtual Collaboration PortalVirtual Collaboration Portal        
Query: REST
536 total matching documents
doc=16539 score=6.4186463
1. http:///www.ics.uci.edu/~eppstein/pix/ontheroad/BwilOrchard.html
   Title: OrchardPrev: Rest AreaUp: On The RoadNext: Central Valley
doc=16540 score=6.4186463
2. http:///www.ics.uci.edu/~eppstein/pix/ontheroad/BwilRestArea.html
   Title: Rest AreaPrev: UnderpassUp: On The RoadNext: Orchard
doc=18248 score=6.2538986
3. http:///www.ics.uci.edu/~eppstein/pix/sunsets/m2-fw-nh.html
   Title: Noyo HarborPrev: Rest AreaUp: SunsetsNext: Pelican Point
doc=18251 score=5.37633
4. http:///www.ics.uci.edu/~eppstein/pix/sunsets/ontheroad-bra.html
   Title: Rest AreaPrev: Montju•c Cable CarUp: SunsetsNext: Noyo Harbor
doc=6226 score=5.340805
5. http:///www.ics.uci.edu/~fielding/pubs/dissertation/rest_arch_style.htm
   Title: Fielding Dissertation: CHAPTER 5: Representational State Transfer (REST)[Top]
doc=11191 score=5.211582
6. http:///www.ics.uci.edu/~eppstein/pix/calave/StarbucksAlley.html
   Title: Starbucks AlleyPrev: Space NetworkUp: California Avenue, Palo AltoNext: Enough Rest
doc=18244 score=5.211582
7. http:///www.ics.uci.edu/~eppstein/pix/sunsets/bar-mj-s6.html
   Title: Montju•c Cable CarPrev: The WaveUp: SunsetsNext: Rest Area
doc=4256 score=4.373131
8. http:///vcp.ics.uci.edu/content/harmonizing-architectural-dissonance-rest-based-architectures-0/index.html
   Title: Harmonizing Architectural Dissonance in REST-based Architectures | Virtual Collaboration PortalVirtual Collaboration Portal        
doc=4225 score=4.344007
9. http:///vcp.ics.uci.edu/content/extending-representational-state-transfer-rest-architectural-style-decentralized-systems-0/index.html
   Title: Extending the Representational State Transfer (REST) Architectural Style for Decentralized Systems | Virtual Collaboration PortalVirtual Collaboration Portal        
doc=16542 score=4.1692657
10. http:///www.ics.uci.edu/~eppstein/pix/ontheroad/CulverFiveUnderpass.html
   Title: UnderpassPrev: The Unbearable Flatness of Being, IIUp: On The RoadNext: Rest Area
Query: computer games
4125 total matching documents
doc=2152 score=6.6480083
1. http:///cgvw.ics.uci.edu/index.html
   Title: Center for Computer Games & Virtual WorldsCenter for Computer Games & Virtual Worlds
doc=25027 score=6.2072635
2. http:///www.ics.uci.edu/~wscacchi/Presentations/Nasa-ARC-talk/tsld045.htm
   Title: Computer Games as Work Practice SimulatorsComputer Games as Work Practice Simulators 
doc=24792 score=5.7672806
3. http:///www.ics.uci.edu/~wmt/courses/US12B/us12b-syllabus.html
   Title: US 12B - Computer Games as Art, Culture, and Technology - SyllabusUS 12B Ñ Computer Games as Art, Culture, and Technology
doc=24986 score=5.703619
4. http:///www.ics.uci.edu/~wscacchi/Presentations/Nasa-ARC-talk/sld045.htm
   Title: Computer Games as Work Practice SimulatorsSlide 45 of 54
doc=7062 score=5.130259
5. http:///www.ics.uci.edu/~eppstein/cgt/hard.html
   Title: Computational Complexity of Games and PuzzlesComputational Complexity of Games and Puzzles
doc=4221 score=4.8016796
6. http:///vcp.ics.uci.edu/content/exploring-potential-computer-games-decentralized-command-and-control/index.html
   Title: Exploring the Potential of Computer Games for Decentralized Command and Control | Virtual Collaboration PortalVirtual Collaboration Portal        
doc=24641 score=3.655006
7. http:///www.ics.uci.edu/~thornton/inf45/LabManual/GamesWithoutFrontiers/index.html
   Title: Informatics 45 Spring 2010, Project #4: Games Without FrontiersInformatics 45 Spring 2010 |
doc=4402 score=2.2736785
8. http:///vcp.ics.uci.edu/content/spew-real-time-data-games/index.html
   Title: SPEW: Real Time Data Games  | Virtual Collaboration PortalVirtual Collaboration Portal        
doc=4321 score=1.867559
9. http:///vcp.ics.uci.edu/content/outrun-perversive-games-designing-de-simulation-8-bit-driving/index.html
   Title: OutRun: Perversive Games & Designing the De-Simulation of 8-bit Driving | Virtual Collaboration PortalVirtual Collaboration Portal        
doc=24044 score=1.8180012
10. http:///www.ics.uci.edu/~tdebeauv/NGsummaries/NG03.html
   Title: Modeling player session times of online games, by Chang and Feng
Query: information retrieval
5157 total matching documents
doc=8628 score=7.9031754
1. http:///www.ics.uci.edu/~djp3/classes/2008_01_01_INF141/Lectures/Lecture01.html/index.html
   Title: Information Retrieval is hot
doc=8693 score=7.285548
2. http:///www.ics.uci.edu/~djp3/classes/2009_01_02_INF141/index.html
   Title: Winter 2009: Informatics 141 : Information Retrieval : HomeInformatics   141: Information Retrieval: 
doc=8713 score=7.2193346
3. http:///www.ics.uci.edu/~djp3/classes/2009_01_02_INF141/materials.html
   Title: Winter 2009: Informatics 141 : Information Retrieval : MaterialsInformatics   141: Information Retrieval: 
doc=8685 score=7.002203
4. http:///www.ics.uci.edu/~djp3/classes/2009_01_02_INF141/admin.html
   Title: Winter 2009: Informatics 141 : Information Retrieval : AdminInformatics   141: Information Retrieval: 
doc=23155 score=5.9628425
5. http:///www.ics.uci.edu/~lopes/teaching/inf141W12/assignments/Assignment1.html
   Title: Assignmente 1INF 141 / CS 121 Information Retrieval
doc=23157 score=5.9628425
6. http:///www.ics.uci.edu/~lopes/teaching/inf141W13/assignments/Assignment1.html
   Title: Assignmente 1INF 141 / CS 121 Information Retrieval
doc=8749 score=5.8480625
7. http:///www.ics.uci.edu/~djp3/classes/2010_01_CS221/materials.html
   Title: CS 221, Information Retrieval, Winter 2009-2010 Department of Informatics, UCIComputer Science 221: Information Retrieval 
doc=8683 score=5.822237
8. http:///www.ics.uci.edu/~djp3/classes/2008_09_26_CS221/materials.html
   Title: Fall 2008: Computer Science 221 : Information Retrieval : MaterialsComputer Science  221: Information Retrieval: 
doc=8655 score=5.810966
9. http:///www.ics.uci.edu/~djp3/classes/2008_01_01_INF141/materials.html
   Title: Winter 2008: Informatics 141 Information Retrieval : MaterialsInformatics 141/ Computer Science 121: Information Retrieval 
doc=8675 score=5.7962775
10. http:///www.ics.uci.edu/~djp3/classes/2008_09_26_CS221/index.html
   Title: Fall 2008: Computer Science 221 : Information Retrieval : HomeComputer Science  221: Information Retrieval: 
